#
# A fatal error has been detected by the Java Runtime Environment:
#
#  EXCEPTION_ACCESS_VIOLATION (0xc0000005) at pc=0x00007ff83a507760, pid=1336, tid=7064
#
# JRE version: Java(TM) SE Runtime Environment (8.0_91-b14) (build 1.8.0_91-b14)
# Java VM: Java HotSpot(TM) 64-Bit Server VM (25.91-b14 mixed mode windows-amd64 compressed oops)
# Problematic frame:
# C  [ltl2ba.dll+0x7760]
#
# Failed to write core dump. Minidumps are not enabled by default on client versions of Windows
#
# If you would like to submit a bug report, please visit:
#   http://bugreport.java.com/bugreport/crash.jsp
# The crash happened outside the Java Virtual Machine in native code.
# See problematic frame for where to report the bug.
#

---------------  T H R E A D  ---------------

Current thread (0x00000000025ce000):  JavaThread "main" [_thread_in_native, id=7064, stack(0x0000000002ae0000,0x0000000002be0000)]

siginfo: ExceptionCode=0xc0000005, reading address 0x0000000000000000

Registers:
RAX=0x0000000000000000, RBX=0x0000000000000000, RCX=0x00007ff83a51ff90, RDX=0x00007ff83a500000
RSP=0x0000000002bdf0f0, RBP=0x0000000002bdf218, RSI=0x0000000090000021, RDI=0x000000000000010b
R8 =0x0000000000000028, R9 =0x000000000000010a, R10=0x0000000000b8aa00, R11=0x0000000000b8b078
R12=0x0000000000000000, R13=0x0000000017282e10, R14=0x0000000002bdf238, R15=0x00000000025ce000
RIP=0x00007ff83a507760, EFLAGS=0x0000000000010202

Top of Stack: (sp=0x0000000002bdf0f0)
0x0000000002bdf0f0:   0000000000000000 0000000017282e10
0x0000000002bdf100:   00000000025ce000 0000000000000000
0x0000000002bdf110:   0000000000000000 00007ff83a50791e
0x0000000002bdf120:   0000000017282e10 0000000000000000
0x0000000002bdf130:   0000000000000000 00000000025ce000
0x0000000002bdf140:   0000000000000001 00007ff83a50791e
0x0000000002bdf150:   0000000017282e10 0000000002bdf218
0x0000000002bdf160:   0000000090000021 00000000025ce000
0x0000000002bdf170:   0000000002ce835d 00007ff83a5079db
0x0000000002bdf180:   0000000017282e10 0000000002bdf218
0x0000000002bdf190:   0000000090000021 0000000090000021
0x0000000002bdf1a0:   0000000017282e10 0000000002cf7f54
0x0000000002bdf1b0:   00000000025ce000 0000000017282e10
0x0000000002bdf1c0:   0000000090000021 00000000025ce000
0x0000000002bdf1d0:   0000000002cf7c82 0000000002bdf1d8
0x0000000002bdf1e0:   0000000017282e10 0000000002bdf238 

Instructions: (pc=0x00007ff83a507760)
0x00007ff83a507740:   89 05 4a 90 01 00 e8 a5 fe ff ff 83 3d b6 68 01
0x00007ff83a507750:   00 00 bf 0b 01 00 00 48 8b d8 44 8d 4f ff 74 26
0x00007ff83a507760:   0f b7 00 66 41 3b c1 74 62 b9 05 01 00 00 66 3b
0x00007ff83a507770:   c1 74 58 66 3b c7 75 0e 48 8b 43 10 66 44 39 08 


Register to memory mapping:

RAX=0x0000000000000000 is an unknown value
RBX=0x0000000000000000 is an unknown value
RCX=0x00007ff83a51ff90 is an unknown value
RDX=0x00007ff83a500000 is an unknown value
RSP=0x0000000002bdf0f0 is pointing into the stack for thread: 0x00000000025ce000
RBP=0x0000000002bdf218 is pointing into the stack for thread: 0x00000000025ce000
RSI=0x0000000090000021 is an unallocated location in the heap
RDI=0x000000000000010b is an unknown value
R8 =0x0000000000000028 is an unknown value
R9 =0x000000000000010a is an unknown value
R10=0x0000000000b8aa00 is an unknown value
R11=0x0000000000b8b078 is an unknown value
R12=0x0000000000000000 is an unknown value
R13={method} {0x0000000017282e18} 'tl_parse' '()V' in 'rwth/i2/ltl2ba4j/internal/jnibridge/BAJni'
R14=0x0000000002bdf238 is pointing into the stack for thread: 0x00000000025ce000
R15=0x00000000025ce000 is a thread


Stack: [0x0000000002ae0000,0x0000000002be0000],  sp=0x0000000002bdf0f0,  free space=1020k
Native frames: (J=compiled Java code, j=interpreted, Vv=VM code, C=native code)
C  [ltl2ba.dll+0x7760]
C  [ltl2ba.dll+0x791e]
C  [ltl2ba.dll+0x791e]
C  [ltl2ba.dll+0x79db]
C  0x0000000002cf7f54

Java frames: (J=compiled Java code, j=interpreted, Vv=VM code)
j  rwth.i2.ltl2ba4j.internal.jnibridge.BAJni.tl_parse()V+0
j  rwth.i2.ltl2ba4j.internal.jnibridge.BAJni.process(Ljava/lang/String;)V+41
j  rwth.i2.ltl2ba4j.internal.jnibridge.BAJni.<init>(Ljava/lang/String;)V+11
j  rwth.i2.ltl2ba4j.LTL2BA4J.formulaToBA(Ljava/lang/String;)Ljava/util/Collection;+5
j  org.bigraph.bigsim.specification.GenTS.genTS()Ljava/util/ArrayList;+55
j  org.bigraph.bigsim.specification.GenTS.main([Ljava/lang/String;)V+4
v  ~StubRoutines::call_stub

---------------  P R O C E S S  ---------------

Java Threads: ( => current thread )
  0x000000001787e800 JavaThread "Service Thread" daemon [_thread_blocked, id=12272, stack(0x0000000019490000,0x0000000019590000)]
  0x0000000017865800 JavaThread "C1 CompilerThread2" daemon [_thread_blocked, id=9020, stack(0x0000000019390000,0x0000000019490000)]
  0x000000001785e800 JavaThread "C2 CompilerThread1" daemon [_thread_blocked, id=11916, stack(0x0000000019290000,0x0000000019390000)]
  0x0000000017859000 JavaThread "C2 CompilerThread0" daemon [_thread_blocked, id=4552, stack(0x0000000019190000,0x0000000019290000)]
  0x0000000018bd3000 JavaThread "Attach Listener" daemon [_thread_blocked, id=11552, stack(0x0000000019090000,0x0000000019190000)]
  0x0000000018bd2800 JavaThread "Signal Dispatcher" daemon [_thread_blocked, id=11224, stack(0x0000000018f90000,0x0000000019090000)]
  0x0000000017841800 JavaThread "Finalizer" daemon [_thread_blocked, id=11372, stack(0x0000000018a90000,0x0000000018b90000)]
  0x0000000017731000 JavaThread "Reference Handler" daemon [_thread_blocked, id=10668, stack(0x0000000018990000,0x0000000018a90000)]
=>0x00000000025ce000 JavaThread "main" [_thread_in_native, id=7064, stack(0x0000000002ae0000,0x0000000002be0000)]

Other Threads:
  0x000000001781f800 VMThread [stack: 0x0000000018890000,0x0000000018990000] [id=11908]
  0x0000000018c9a000 WatcherThread [stack: 0x0000000019590000,0x0000000019690000] [id=11788]

VM state:not at safepoint (normal execution)

VM Mutex/Monitor currently owned by a thread: None

Heap:
 PSYoungGen      total 38400K, used 1996K [0x00000000d5e00000, 0x00000000d8880000, 0x0000000100000000)
  eden space 33280K, 6% used [0x00000000d5e00000,0x00000000d5ff3360,0x00000000d7e80000)
  from space 5120K, 0% used [0x00000000d8380000,0x00000000d8380000,0x00000000d8880000)
  to   space 5120K, 0% used [0x00000000d7e80000,0x00000000d7e80000,0x00000000d8380000)
 ParOldGen       total 87552K, used 0K [0x0000000081a00000, 0x0000000086f80000, 0x00000000d5e00000)
  object space 87552K, 0% used [0x0000000081a00000,0x0000000081a00000,0x0000000086f80000)
 Metaspace       used 2609K, capacity 4564K, committed 4864K, reserved 1056768K
  class space    used 290K, capacity 388K, committed 512K, reserved 1048576K

Card table byte_map: [0x00000000120a0000,0x00000000124a0000] byte_map_base: 0x0000000011c93000

Marking Bits: (ParMarkBitMap*) 0x000000006bd22f70
 Begin Bits: [0x0000000012b50000, 0x0000000014ae8000)
 End Bits:   [0x0000000014ae8000, 0x0000000016a80000)

Polling page: 0x0000000002540000

CodeCache: size=245760Kb used=1112Kb max_used=1112Kb free=244647Kb
 bounds [0x0000000002ce0000, 0x0000000002f50000, 0x0000000011ce0000]
 total_blobs=268 nmethods=34 adapters=148
 compilation: enabled

Compilation events (10 events):
Event: 0.112 Thread 0x0000000017865800   29       3       java.lang.StringBuilder::append (8 bytes)
Event: 0.113 Thread 0x0000000017865800 nmethod 29 0x0000000002df4e10 code [0x0000000002df4f80, 0x0000000002df5108]
Event: 0.113 Thread 0x0000000017865800   31       3       java.lang.String::startsWith (72 bytes)
Event: 0.113 Thread 0x0000000017865800 nmethod 31 0x0000000002df5190 code [0x0000000002df5300, 0x0000000002df5630]
Event: 0.113 Thread 0x0000000017865800   32       3       java.lang.String::startsWith (7 bytes)
Event: 0.113 Thread 0x0000000017865800 nmethod 32 0x0000000002df5810 code [0x0000000002df5980, 0x0000000002df5b88]
Event: 0.114 Thread 0x0000000017865800   33       3       java.lang.System::getSecurityManager (4 bytes)
Event: 0.114 Thread 0x0000000017865800 nmethod 33 0x0000000002df5c10 code [0x0000000002df5d60, 0x0000000002df5e90]
Event: 0.115 Thread 0x0000000017865800   34       3       java.util.HashMap::hash (20 bytes)
Event: 0.115 Thread 0x0000000017865800 nmethod 34 0x0000000002df5f10 code [0x0000000002df6080, 0x0000000002df62c8]

GC Heap History (0 events):
No events

Deoptimization events (0 events):
No events

Internal exceptions (2 events):
Event: 0.038 Thread 0x00000000025ce000 Exception <a 'java/lang/NoSuchMethodError': Method sun.misc.Unsafe.defineClass(Ljava/lang/String;[BII)Ljava/lang/Class; name or signature does not match> (0x00000000d5e07cc0) thrown at [C:\re\workspace\8-2-build-windows-amd64-cygwin\jdk8u91\6644\hotspot\sr¶‘ŒÈ]£?
Event: 0.038 Thread 0x00000000025ce000 Exception <a 'java/lang/NoSuchMethodError': Method sun.misc.Unsafe.prefetchRead(Ljava/lang/Object;J)V name or signature does not match> (0x00000000d5e07fa8) thrown at [C:\re\workspace\8-2-build-windows-amd64-cygwin\jdk8u91\6644\hotspot\src\share\vm\prims\j

Events (10 events):
Event: 0.112 loading class java/lang/Void
Event: 0.112 loading class java/lang/Void done
Event: 0.112 loading class rwth/i2/ltl2ba4j/LTL2BA4J
Event: 0.112 loading class rwth/i2/ltl2ba4j/LTL2BA4J done
Event: 0.112 loading class rwth/i2/ltl2ba4j/model/IGraphFactory
Event: 0.112 loading class rwth/i2/ltl2ba4j/model/IGraphFactory done
Event: 0.113 loading class rwth/i2/ltl2ba4j/internal/jnibridge/BAJni
Event: 0.113 loading class rwth/i2/ltl2ba4j/internal/jnibridge/BAJni done
Event: 0.114 loading class java/util/concurrent/ConcurrentHashMap$ForwardingNode
Event: 0.114 loading class java/util/concurrent/ConcurrentHashMap$ForwardingNode done


Dynamic libraries:
0x00007ff78ae70000 - 0x00007ff78aea7000 	C:\Program Files\Java\jre1.8.0_91\bin\javaw.exe
0x00007ff85a540000 - 0x00007ff85a702000 	C:\WINDOWS\SYSTEM32\ntdll.dll
0x00007ff857fe0000 - 0x00007ff85808d000 	C:\WINDOWS\system32\KERNEL32.DLL
0x00007ff857930000 - 0x00007ff857b0d000 	C:\WINDOWS\system32\KERNELBASE.dll
0x00007ff8589e0000 - 0x00007ff858a86000 	C:\WINDOWS\system32\ADVAPI32.dll
0x00007ff858490000 - 0x00007ff85852d000 	C:\WINDOWS\system32\msvcrt.dll
0x00007ff857bd0000 - 0x00007ff857c2b000 	C:\WINDOWS\system32\sechost.dll
0x00007ff85a410000 - 0x00007ff85a536000 	C:\WINDOWS\system32\RPCRT4.dll
0x00007ff858a90000 - 0x00007ff858bde000 	C:\WINDOWS\system32\USER32.dll
0x00007ff858ca0000 - 0x00007ff858e26000 	C:\WINDOWS\system32\GDI32.dll
0x00007ff851cf0000 - 0x00007ff851f64000 	C:\WINDOWS\WinSxS\amd64_microsoft.windows.common-controls_6595b64144ccf1df_6.0.10240.16384_none_f41f7b285750ef43\COMCTL32.dll
0x00007ff858820000 - 0x00007ff858856000 	C:\WINDOWS\system32\IMM32.DLL
0x00007ff858880000 - 0x00007ff8589dc000 	C:\WINDOWS\system32\MSCTF.dll
0x000000006b320000 - 0x000000006b3f2000 	C:\Program Files\Java\jre1.8.0_91\bin\msvcr100.dll
0x000000006b510000 - 0x000000006bda3000 	C:\Program Files\Java\jre1.8.0_91\bin\server\jvm.dll
0x00007ff858810000 - 0x00007ff858818000 	C:\WINDOWS\system32\PSAPI.DLL
0x00007ff84d940000 - 0x00007ff84d949000 	C:\WINDOWS\SYSTEM32\WSOCK32.dll
0x00007ff85a3a0000 - 0x00007ff85a409000 	C:\WINDOWS\system32\WS2_32.dll
0x00007ff855050000 - 0x00007ff855073000 	C:\WINDOWS\SYSTEM32\WINMM.dll
0x00007ff858c90000 - 0x00007ff858c98000 	C:\WINDOWS\system32\NSI.dll
0x00007ff853070000 - 0x00007ff85307a000 	C:\WINDOWS\SYSTEM32\VERSION.dll
0x00007ff854fe0000 - 0x00007ff85500c000 	C:\WINDOWS\SYSTEM32\WINMMBASE.dll
0x00007ff857830000 - 0x00007ff857874000 	C:\WINDOWS\system32\cfgmgr32.dll
0x00007ff8558c0000 - 0x00007ff8558e7000 	C:\WINDOWS\SYSTEM32\DEVOBJ.dll
0x000000006b500000 - 0x000000006b50f000 	C:\Program Files\Java\jre1.8.0_91\bin\verify.dll
0x000000006b4d0000 - 0x000000006b4f9000 	C:\Program Files\Java\jre1.8.0_91\bin\java.dll
0x000000006b4b0000 - 0x000000006b4c6000 	C:\Program Files\Java\jre1.8.0_91\bin\zip.dll
0x00007ff858e30000 - 0x00007ff85a398000 	C:\WINDOWS\system32\SHELL32.dll
0x00007ff857200000 - 0x00007ff857828000 	C:\WINDOWS\system32\windows.storage.dll
0x00007ff858530000 - 0x00007ff8587ac000 	C:\WINDOWS\system32\combase.dll
0x00007ff8587b0000 - 0x00007ff858801000 	C:\WINDOWS\system32\shlwapi.dll
0x00007ff856f50000 - 0x00007ff856f5f000 	C:\WINDOWS\system32\kernel.appcore.dll
0x00007ff857b10000 - 0x00007ff857bc3000 	C:\WINDOWS\system32\shcore.dll
0x00007ff856f80000 - 0x00007ff856fca000 	C:\WINDOWS\system32\powrprof.dll
0x00007ff856f30000 - 0x00007ff856f43000 	C:\WINDOWS\system32\profapi.dll
0x00007ff857f20000 - 0x00007ff857fde000 	C:\WINDOWS\system32\OLEAUT32.dll
0x00007ff83a500000 - 0x00007ff83a529000 	D:\projects\projects_scala\BigSim\c-lib\win64\ltl2ba.dll
0x00007ff84d120000 - 0x00007ff84d2aa000 	C:\WINDOWS\SYSTEM32\dbghelp.dll

VM Arguments:
jvm_args: -Dfile.encoding=UTF-8 -Xbootclasspath/p:D:\software\eclipseScala\plugins\org.scala-lang.scala-library_2.11.6.v20150224-172222-092690e7bf.jar;D:\software\eclipseScala\plugins\org.scala-lang.scala-reflect_2.11.6.v20150224-172222-092690e7bf.jar;D:\software\eclipseScala\plugins\org.scala-lang.scala-actors_2.11.6.v20150224-172222-092690e7bf.jar 
java_command: org.bigraph.bigsim.specification.GenTS
java_class_path (initial): D:\projects\projects_scala\BigSim\bin;D:\projects\projects_scala\BigSim\jars\colt.jar;D:\projects\projects_scala\BigSim\jars\concurrent.jar;D:\projects\projects_scala\BigSim\jars\scala-parser-combinators-2.11.0-M4.jar;D:\projects\projects_scala\BigSim\jars\scala-xml-2.11.0-M4.jar
Launcher Type: SUN_STANDARD

Environment Variables:
JAVA_HOME=C:\Program Files\Java\jdk1.8.0_91
CLASSPATH=.;C:\Program Files\Java\jdk1.8.0_91\lib;
USERNAME=amy
OS=Windows_NT
PROCESSOR_IDENTIFIER=Intel64 Family 6 Model 60 Stepping 3, GenuineIntel



---------------  S Y S T E M  ---------------

OS: Windows 10.0 , 64 bit Build 10240 (10.0.10240.16384)

CPU:total 4 (2 cores per cpu, 2 threads per core) family 6 model 60 stepping 3, cmov, cx8, fxsr, mmx, sse, sse2, sse3, ssse3, sse4.1, sse4.2, popcnt, avx, avx2, aes, clmul, erms, lzcnt, ht, tsc, tscinvbit, bmi1, bmi2

Memory: 4k page, physical 8276632k(3110584k free), swap 10635928k(2454188k free)

vm_info: Java HotSpot(TM) 64-Bit Server VM (25.91-b14) for windows-amd64 JRE (1.8.0_91-b14), built on Apr  1 2016 00:58:32 by "java_re" with MS VC++ 10.0 (VS2010)

time: Sun May 28 17:23:34 2017
elapsed time: 0 seconds (0d 0h 0m 0s)

