#
# A fatal error has been detected by the Java Runtime Environment:
#
#  EXCEPTION_ACCESS_VIOLATION (0xc0000005) at pc=0x00007ff953a780eb, pid=13384, tid=12144
#
# JRE version: Java(TM) SE Runtime Environment (8.0_91-b14) (build 1.8.0_91-b14)
# Java VM: Java HotSpot(TM) 64-Bit Server VM (25.91-b14 mixed mode windows-amd64 compressed oops)
# Problematic frame:
# C  [ltl2ba.dll+0x80eb]
#
# Failed to write core dump. Minidumps are not enabled by default on client versions of Windows
#
# If you would like to submit a bug report, please visit:
#   http://bugreport.java.com/bugreport/crash.jsp
# The crash happened outside the Java Virtual Machine in native code.
# See problematic frame for where to report the bug.
#

---------------  T H R E A D  ---------------

Current thread (0x000000000288e000):  JavaThread "main" [_thread_in_native, id=12144, stack(0x00000000026f0000,0x00000000027f0000)]

siginfo: ExceptionCode=0xc0000005, reading address 0x0000000000000000

Registers:
RAX=0x0000000000000107, RBX=0x0000000000000107, RCX=0x00000000007b8868, RDX=0x00007ff953a70000
RSP=0x00000000027ee980, RBP=0x00000000027eead8, RSI=0x0000000000000000, RDI=0x00000000007b8868
R8 =0x0000000000000000, R9 =0x0000000000000005, R10=0x00000000007ba760, R11=0x00000000007ba9e8
R12=0x0000000000000000, R13=0x0000000017281648, R14=0x00000000027eeaf8, R15=0x000000000288e000
RIP=0x00007ff953a780eb, EFLAGS=0x0000000000010246

Top of Stack: (sp=0x00000000027ee980)
0x00000000027ee980:   0000000000000047 0000000016b30468
0x00000000027ee990:   0000000000000006 00007ff953a72130
0x00000000027ee9a0:   0000000000000000 00007ff953a7768d
0x00000000027ee9b0:   00000000007b8868 0000000016b30468
0x00000000027ee9c0:   000000000288e000 0000000000000000
0x00000000027ee9d0:   0000000000000000 00007ff953a7791e
0x00000000027ee9e0:   0000000017281648 0000000000000000
0x00000000027ee9f0:   0000000000000000 000000000288e000
0x00000000027eea00:   0000000000000001 00007ff953a7791e
0x00000000027eea10:   0000000017281648 00000000027eead8
0x00000000027eea20:   0000000016b30468 000000000288e000
0x00000000027eea30:   000000000299835d 00007ff953a779db
0x00000000027eea40:   0000000017281648 00000000027eead8
0x00000000027eea50:   0000000016b30468 0000000016b30468
0x00000000027eea60:   0000000017281648 00000000029a7f54
0x00000000027eea70:   000000000288e000 0000000017281648 

Instructions: (pc=0x00007ff953a780eb)
0x00007ff953a780cb:   3b c3 74 16 0f bf c8 e8 e9 de ff ff 48 8d 0d 9a
0x00007ff953a780db:   e5 00 00 33 d2 e8 db db ff ff 4c 8b 47 10 33 f6
0x00007ff953a780eb:   41 0f bf 00 05 fe fe ff ff 83 f8 0b 0f 87 c6 00
0x00007ff953a780fb:   00 00 48 8d 15 fc 7e ff ff 48 98 8b 8c 82 28 82 


Register to memory mapping:

RAX=0x0000000000000107 is an unknown value
RBX=0x0000000000000107 is an unknown value
RCX=0x00000000007b8868 is an unknown value
RDX=0x00007ff953a70000 is an unknown value
RSP=0x00000000027ee980 is pointing into the stack for thread: 0x000000000288e000
RBP=0x00000000027eead8 is pointing into the stack for thread: 0x000000000288e000
RSI=0x0000000000000000 is an unknown value
RDI=0x00000000007b8868 is an unknown value
R8 =0x0000000000000000 is an unknown value
R9 =0x0000000000000005 is an unknown value
R10=0x00000000007ba760 is an unknown value
R11=0x00000000007ba9e8 is an unknown value
R12=0x0000000000000000 is an unknown value
R13={method} {0x0000000017281650} 'tl_parse' '()V' in 'rwth/i2/ltl2ba4j/internal/jnibridge/BAJni'
R14=0x00000000027eeaf8 is pointing into the stack for thread: 0x000000000288e000
R15=0x000000000288e000 is a thread


Stack: [0x00000000026f0000,0x00000000027f0000],  sp=0x00000000027ee980,  free space=1018k
Native frames: (J=compiled Java code, j=interpreted, Vv=VM code, C=native code)
C  [ltl2ba.dll+0x80eb]
C  [ltl2ba.dll+0x768d]
C  [ltl2ba.dll+0x791e]
C  [ltl2ba.dll+0x791e]
C  [ltl2ba.dll+0x79db]
C  0x00000000029a7f54

Java frames: (J=compiled Java code, j=interpreted, Vv=VM code)
j  rwth.i2.ltl2ba4j.internal.jnibridge.BAJni.tl_parse()V+0
j  rwth.i2.ltl2ba4j.internal.jnibridge.BAJni.process(Ljava/lang/String;)V+41
j  rwth.i2.ltl2ba4j.internal.jnibridge.BAJni.<init>(Ljava/lang/String;)V+11
j  rwth.i2.ltl2ba4j.LTL2BA4J.formulaToBA(Ljava/lang/String;)Ljava/util/Collection;+5
j  org.bigraph.bigsim.specification.GenTS.genTS()Ljava/util/ArrayList;+33
j  org.bigraph.bigsim.specification.GenBigraph$.<init>()V+35
j  org.bigraph.bigsim.specification.GenBigraph$.<clinit>()V+3
v  ~StubRoutines::call_stub
j  org.bigraph.bigsim.Verify$.Calculate()V+11
j  org.bigraph.bigsim.BigSim$.main([Ljava/lang/String;)V+55
j  org.bigraph.bigsim.BigSim.main([Ljava/lang/String;)V+4
v  ~StubRoutines::call_stub

---------------  P R O C E S S  ---------------

Java Threads: ( => current thread )
  0x00000000188e6000 JavaThread "Service Thread" daemon [_thread_blocked, id=14620, stack(0x0000000019150000,0x0000000019250000)]
  0x000000000298c800 JavaThread "C1 CompilerThread2" daemon [_thread_blocked, id=15224, stack(0x0000000019050000,0x0000000019150000)]
  0x000000000298c000 JavaThread "C2 CompilerThread1" daemon [_thread_blocked, id=10256, stack(0x0000000018f50000,0x0000000019050000)]
  0x000000001750f000 JavaThread "C2 CompilerThread0" daemon [_thread_blocked, id=7992, stack(0x0000000018e50000,0x0000000018f50000)]
  0x0000000018893000 JavaThread "Attach Listener" daemon [_thread_blocked, id=14256, stack(0x0000000018d50000,0x0000000018e50000)]
  0x0000000018892800 JavaThread "Signal Dispatcher" daemon [_thread_blocked, id=8772, stack(0x0000000018c50000,0x0000000018d50000)]
  0x00000000174f1800 JavaThread "Finalizer" daemon [_thread_blocked, id=12584, stack(0x0000000018750000,0x0000000018850000)]
  0x00000000173e0000 JavaThread "Reference Handler" daemon [_thread_blocked, id=5328, stack(0x0000000018650000,0x0000000018750000)]
=>0x000000000288e000 JavaThread "main" [_thread_in_native, id=12144, stack(0x00000000026f0000,0x00000000027f0000)]

Other Threads:
  0x00000000174cf800 VMThread [stack: 0x0000000018550000,0x0000000018650000] [id=13116]
  0x0000000018947800 WatcherThread [stack: 0x0000000019250000,0x0000000019350000] [id=14156]

VM state:not at safepoint (normal execution)

VM Mutex/Monitor currently owned by a thread: None

Heap:
 PSYoungGen      total 38400K, used 8870K [0x00000000d5e00000, 0x00000000d8880000, 0x0000000100000000)
  eden space 33280K, 20% used [0x00000000d5e00000,0x00000000d64d2fa0,0x00000000d7e80000)
  from space 5120K, 36% used [0x00000000d7e80000,0x00000000d8056c58,0x00000000d8380000)
  to   space 5120K, 0% used [0x00000000d8380000,0x00000000d8380000,0x00000000d8880000)
 ParOldGen       total 87552K, used 8K [0x0000000081a00000, 0x0000000086f80000, 0x00000000d5e00000)
  object space 87552K, 0% used [0x0000000081a00000,0x0000000081a02000,0x0000000086f80000)
 Metaspace       used 8775K, capacity 8910K, committed 9088K, reserved 1056768K
  class space    used 1310K, capacity 1330K, committed 1408K, reserved 1048576K

Card table byte_map: [0x0000000011d50000,0x0000000012150000] byte_map_base: 0x0000000011943000

Marking Bits: (ParMarkBitMap*) 0x0000000068612f70
 Begin Bits: [0x0000000012800000, 0x0000000014798000)
 End Bits:   [0x0000000014798000, 0x0000000016730000)

Polling page: 0x0000000002360000

CodeCache: size=245760Kb used=3325Kb max_used=3338Kb free=242434Kb
 bounds [0x0000000002990000, 0x0000000002ce0000, 0x0000000011990000]
 total_blobs=1196 nmethods=923 adapters=185
 compilation: enabled

Compilation events (10 events):
Event: 4.394 Thread 0x000000000298c800 nmethod 919 0x0000000002cc9350 code [0x0000000002cc9560, 0x0000000002cca2e8]
Event: 4.394 Thread 0x000000000298c800  920       3       scala.collection.mutable.LinkedList::<init> (19 bytes)
Event: 4.394 Thread 0x000000000298c800 nmethod 920 0x0000000002cca950 code [0x0000000002ccab20, 0x0000000002ccb268]
Event: 4.394 Thread 0x000000000298c800  921       3       org.bigraph.bigsim.parser.TermParser$$anonfun$ctrl$3$$anonfun$apply$7::apply (9 bytes)
Event: 4.394 Thread 0x000000000298c800 nmethod 921 0x0000000002ccb690 code [0x0000000002ccb820, 0x0000000002ccbd30]
Event: 4.394 Thread 0x000000000298c800  922       3       scala.util.parsing.combinator.lexical.StdLexical$$anonfun$token$1::apply (5 bytes)
Event: 4.395 Thread 0x000000000298c800 nmethod 922 0x0000000002ccbf50 code [0x0000000002ccc160, 0x0000000002ccceb8]
Event: 4.395 Thread 0x000000000298c800  923       3       scala.util.parsing.combinator.lexical.StdLexical$$anonfun$token$1::apply (16 bytes)
Event: 4.395 Thread 0x000000000298c800 nmethod 923 0x0000000002ccd790 code [0x0000000002ccd9e0, 0x0000000002cce948]
Event: 4.401 Thread 0x000000000298c000 nmethod 905 0x0000000002cd2d90 code [0x0000000002cd2f60, 0x0000000002cd3c28]

GC Heap History (2 events):
Event: 4.339 GC heap before
{Heap before GC invocations=1 (full 0):
 PSYoungGen      total 38400K, used 33280K [0x00000000d5e00000, 0x00000000d8880000, 0x0000000100000000)
  eden space 33280K, 100% used [0x00000000d5e00000,0x00000000d7e80000,0x00000000d7e80000)
  from space 5120K, 0% used [0x00000000d8380000,0x00000000d8380000,0x00000000d8880000)
  to   space 5120K, 0% used [0x00000000d7e80000,0x00000000d7e80000,0x00000000d8380000)
 ParOldGen       total 87552K, used 0K [0x0000000081a00000, 0x0000000086f80000, 0x00000000d5e00000)
  object space 87552K, 0% used [0x0000000081a00000,0x0000000081a00000,0x0000000086f80000)
 Metaspace       used 8726K, capacity 8846K, committed 9088K, reserved 1056768K
  class space    used 1307K, capacity 1330K, committed 1408K, reserved 1048576K
Event: 4.341 GC heap after
Heap after GC invocations=1 (full 0):
 PSYoungGen      total 38400K, used 1883K [0x00000000d5e00000, 0x00000000d8880000, 0x0000000100000000)
  eden space 33280K, 0% used [0x00000000d5e00000,0x00000000d5e00000,0x00000000d7e80000)
  from space 5120K, 36% used [0x00000000d7e80000,0x00000000d8056c58,0x00000000d8380000)
  to   space 5120K, 0% used [0x00000000d8380000,0x00000000d8380000,0x00000000d8880000)
 ParOldGen       total 87552K, used 8K [0x0000000081a00000, 0x0000000086f80000, 0x00000000d5e00000)
  object space 87552K, 0% used [0x0000000081a00000,0x0000000081a02000,0x0000000086f80000)
 Metaspace       used 8726K, capacity 8846K, committed 9088K, reserved 1056768K
  class space    used 1307K, capacity 1330K, committed 1408K, reserved 1048576K
}

Deoptimization events (10 events):
Event: 3.929 Thread 0x000000000288e000 Uncommon trap: reason=class_check action=maybe_recompile pc=0x0000000002bac9a0 method=java.lang.ThreadLocal.get()Ljava/lang/Object; @ 6
Event: 3.929 Thread 0x000000000288e000 Uncommon trap: reason=unstable_if action=reinterpret pc=0x0000000002c3fbdc method=sun.misc.URLClassPath.getLoader(I)Lsun/misc/URLClassPath$Loader; @ 36
Event: 3.929 Thread 0x000000000288e000 Uncommon trap: reason=class_check action=maybe_recompile pc=0x0000000002bac9a0 method=java.lang.ThreadLocal.get()Ljava/lang/Object; @ 6
Event: 3.930 Thread 0x000000000288e000 Uncommon trap: reason=class_check action=maybe_recompile pc=0x0000000002bac9a0 method=java.lang.ThreadLocal.get()Ljava/lang/Object; @ 6
Event: 3.931 Thread 0x000000000288e000 Uncommon trap: reason=class_check action=maybe_recompile pc=0x0000000002bac9a0 method=java.lang.ThreadLocal.get()Ljava/lang/Object; @ 6
Event: 3.931 Thread 0x000000000288e000 Uncommon trap: reason=unstable_if action=reinterpret pc=0x0000000002b689c0 method=sun.misc.MetaIndex.mayContain(Ljava/lang/String;)Z @ 13
Event: 3.955 Thread 0x000000000288e000 Uncommon trap: reason=unstable_if action=reinterpret pc=0x0000000002b2f8c0 method=java.util.regex.Matcher.reset()Ljava/util/regex/Matcher; @ 47
Event: 4.030 Thread 0x000000000288e000 Uncommon trap: reason=unstable_if action=reinterpret pc=0x0000000002aebe20 method=java.lang.String.indexOf([CII[CIII)I @ 3
Event: 4.275 Thread 0x000000000288e000 Uncommon trap: reason=class_check action=maybe_recompile pc=0x0000000002bac390 method=scala.util.parsing.input.CharSequenceReader.atEnd()Z @ 8
Event: 4.386 Thread 0x000000000288e000 Uncommon trap: reason=class_check action=maybe_recompile pc=0x0000000002bac390 method=scala.util.parsing.input.CharSequenceReader.atEnd()Z @ 8

Internal exceptions (6 events):
Event: 0.068 Thread 0x000000000288e000 Exception <a 'java/lang/NoSuchMethodError': Method sun.misc.Unsafe.defineClass(Ljava/lang/String;[BII)Ljava/lang/Class; name or signature does not match> (0x00000000d5e07cc0) thrown at [C:\re\workspace\8-2-build-windows-amd64-cygwin\jdk8u91\6644\hotspot\srIùÄ§d±?
Event: 0.068 Thread 0x000000000288e000 Exception <a 'java/lang/NoSuchMethodError': Method sun.misc.Unsafe.prefetchRead(Ljava/lang/Object;J)V name or signature does not match> (0x00000000d5e07fa8) thrown at [C:\re\workspace\8-2-build-windows-amd64-cygwin\jdk8u91\6644\hotspot\src\share\vm\prims\jwýz=u@
Event: 3.932 Thread 0x000000000288e000 Exception <a 'java/security/PrivilegedActionException'> (0x00000000d79b0408) thrown at [C:\re\workspace\8-2-build-windows-amd64-cygwin\jdk8u91\6644\hotspot\src\share\vm\prims\jvm.cpp, line 1386]
Event: 3.932 Thread 0x000000000288e000 Exception <a 'java/security/PrivilegedActionException'> (0x00000000d79b0800) thrown at [C:\re\workspace\8-2-build-windows-amd64-cygwin\jdk8u91\6644\hotspot\src\share\vm\prims\jvm.cpp, line 1386]
Event: 3.933 Thread 0x000000000288e000 Exception <a 'java/security/PrivilegedActionException'> (0x00000000d79b4778) thrown at [C:\re\workspace\8-2-build-windows-amd64-cygwin\jdk8u91\6644\hotspot\src\share\vm\prims\jvm.cpp, line 1386]
Event: 3.933 Thread 0x000000000288e000 Exception <a 'java/security/PrivilegedActionException'> (0x00000000d79b4b70) thrown at [C:\re\workspace\8-2-build-windows-amd64-cygwin\jdk8u91\6644\hotspot\src\share\vm\prims\jvm.cpp, line 1386]

Events (10 events):
Event: 4.344 loading class org/bigraph/bigsim/specification/GenTS done
Event: 4.364 loading class rwth/i2/ltl2ba4j/LTL2BA4J
Event: 4.364 loading class rwth/i2/ltl2ba4j/LTL2BA4J done
Event: 4.372 loading class rwth/i2/ltl2ba4j/model/IGraphFactory
Event: 4.372 loading class rwth/i2/ltl2ba4j/model/IGraphFactory done
Event: 4.386 Thread 0x000000000288e000 Uncommon trap: trap_request=0xffffffde fr.pc=0x0000000002bac390
Event: 4.386 Thread 0x000000000288e000 DEOPT PACKING pc=0x0000000002bac390 sp=0x00000000027ee730
Event: 4.386 Thread 0x000000000288e000 DEOPT UNPACKING pc=0x00000000029d582a sp=0x00000000027ee6d0 mode 2
Event: 4.394 loading class rwth/i2/ltl2ba4j/internal/jnibridge/BAJni
Event: 4.394 loading class rwth/i2/ltl2ba4j/internal/jnibridge/BAJni done


Dynamic libraries:
0x00007ff723360000 - 0x00007ff723397000 	C:\Program Files\Java\jre1.8.0_91\bin\javaw.exe
0x00007ff966680000 - 0x00007ff966842000 	C:\WINDOWS\SYSTEM32\ntdll.dll
0x00007ff965990000 - 0x00007ff965a3d000 	C:\WINDOWS\system32\KERNEL32.DLL
0x00007ff963ad0000 - 0x00007ff963cad000 	C:\WINDOWS\system32\KERNELBASE.dll
0x00007ff965f30000 - 0x00007ff965fd6000 	C:\WINDOWS\system32\ADVAPI32.dll
0x00007ff965e80000 - 0x00007ff965f1d000 	C:\WINDOWS\system32\msvcrt.dll
0x00007ff963d90000 - 0x00007ff963deb000 	C:\WINDOWS\system32\sechost.dll
0x00007ff964000000 - 0x00007ff964126000 	C:\WINDOWS\system32\RPCRT4.dll
0x00007ff965c80000 - 0x00007ff965dce000 	C:\WINDOWS\system32\USER32.dll
0x00007ff966330000 - 0x00007ff9664b6000 	C:\WINDOWS\system32\GDI32.dll
0x00007ff95d770000 - 0x00007ff95d9e4000 	C:\WINDOWS\WinSxS\amd64_microsoft.windows.common-controls_6595b64144ccf1df_6.0.10240.16384_none_f41f7b285750ef43\COMCTL32.dll
0x00007ff963df0000 - 0x00007ff963e26000 	C:\WINDOWS\system32\IMM32.DLL
0x00007ff965b20000 - 0x00007ff965c7c000 	C:\WINDOWS\system32\MSCTF.dll
0x0000000067820000 - 0x00000000678f2000 	C:\Program Files\Java\jre1.8.0_91\bin\msvcr100.dll
0x0000000067e00000 - 0x0000000068693000 	C:\Program Files\Java\jre1.8.0_91\bin\server\jvm.dll
0x00007ff965f20000 - 0x00007ff965f28000 	C:\WINDOWS\system32\PSAPI.DLL
0x00007ff9611c0000 - 0x00007ff9611e3000 	C:\WINDOWS\SYSTEM32\WINMM.dll
0x00007ff95da90000 - 0x00007ff95da9a000 	C:\WINDOWS\SYSTEM32\VERSION.dll
0x00007ff958960000 - 0x00007ff958969000 	C:\WINDOWS\SYSTEM32\WSOCK32.dll
0x00007ff961190000 - 0x00007ff9611bc000 	C:\WINDOWS\SYSTEM32\winmmbase.dll
0x00007ff963110000 - 0x00007ff963154000 	C:\WINDOWS\system32\cfgmgr32.dll
0x00007ff9660b0000 - 0x00007ff966119000 	C:\WINDOWS\system32\WS2_32.dll
0x00007ff961940000 - 0x00007ff961967000 	C:\WINDOWS\SYSTEM32\DEVOBJ.dll
0x00007ff965920000 - 0x00007ff965928000 	C:\WINDOWS\system32\NSI.dll
0x0000000067df0000 - 0x0000000067dff000 	C:\Program Files\Java\jre1.8.0_91\bin\verify.dll
0x0000000067dc0000 - 0x0000000067de9000 	C:\Program Files\Java\jre1.8.0_91\bin\java.dll
0x0000000067da0000 - 0x0000000067db6000 	C:\Program Files\Java\jre1.8.0_91\bin\zip.dll
0x00007ff9643b0000 - 0x00007ff965918000 	C:\WINDOWS\system32\SHELL32.dll
0x00007ff963160000 - 0x00007ff963788000 	C:\WINDOWS\system32\windows.storage.dll
0x00007ff964130000 - 0x00007ff9643ac000 	C:\WINDOWS\system32\combase.dll
0x00007ff966120000 - 0x00007ff966171000 	C:\WINDOWS\system32\shlwapi.dll
0x00007ff9630e0000 - 0x00007ff9630ef000 	C:\WINDOWS\system32\kernel.appcore.dll
0x00007ff963960000 - 0x00007ff963a13000 	C:\WINDOWS\system32\shcore.dll
0x00007ff963090000 - 0x00007ff9630da000 	C:\WINDOWS\system32\powrprof.dll
0x00007ff963070000 - 0x00007ff963083000 	C:\WINDOWS\system32\profapi.dll
0x00007ff965fe0000 - 0x00007ff96609e000 	C:\WINDOWS\system32\OLEAUT32.dll
0x00007ff953a70000 - 0x00007ff953a99000 	D:\projects\projects_scala\BigSim\c-lib\win64\ltl2ba.dll
0x00007ff959150000 - 0x00007ff9592da000 	C:\WINDOWS\SYSTEM32\dbghelp.dll

VM Arguments:
jvm_args: -Dfile.encoding=UTF-8 -Xbootclasspath/p:D:\software\eclipseScala\plugins\org.scala-lang.scala-library_2.11.6.v20150224-172222-092690e7bf.jar;D:\software\eclipseScala\plugins\org.scala-lang.scala-reflect_2.11.6.v20150224-172222-092690e7bf.jar;D:\software\eclipseScala\plugins\org.scala-lang.scala-actors_2.11.6.v20150224-172222-092690e7bf.jar 
java_command: org.bigraph.bigsim.BigSim
java_class_path (initial): D:\projects\projects_scala\BigSim\bin;D:\projects\projects_scala\BigSim\jars\colt.jar;D:\projects\projects_scala\BigSim\jars\concurrent.jar;D:\projects\projects_scala\BigSim\jars\scala-parser-combinators-2.11.0-M4.jar;D:\projects\projects_scala\BigSim\jars\scala-xml-2.11.0-M4.jar
Launcher Type: SUN_STANDARD

Environment Variables:
JAVA_HOME=C:\Program Files\Java\jdk1.8.0_91
CLASSPATH=.;C:\Program Files\Java\jdk1.8.0_91\lib;
USERNAME=amy
OS=Windows_NT
PROCESSOR_IDENTIFIER=Intel64 Family 6 Model 60 Stepping 3, GenuineIntel



---------------  S Y S T E M  ---------------

OS: Windows 10.0 , 64 bit Build 10240 (10.0.10240.16384)

CPU:total 4 (2 cores per cpu, 2 threads per core) family 6 model 60 stepping 3, cmov, cx8, fxsr, mmx, sse, sse2, sse3, ssse3, sse4.1, sse4.2, popcnt, avx, avx2, aes, clmul, erms, lzcnt, ht, tsc, tscinvbit, bmi1, bmi2

Memory: 4k page, physical 8276632k(1667768k free), swap 14325236k(2567192k free)

vm_info: Java HotSpot(TM) 64-Bit Server VM (25.91-b14) for windows-amd64 JRE (1.8.0_91-b14), built on Apr  1 2016 00:58:32 by "java_re" with MS VC++ 10.0 (VS2010)

time: Sun Apr 09 17:09:24 2017
elapsed time: 4 seconds (0d 0h 0m 4s)

